

> @elizaos/chaoschain-plugin@0.25.6-alpha.1 build /Users/deeptanshusankhwar/Documents/templates/nethermind/eliza-chaoschain/packages/chaoschain-plugin
> tsup --format esm,cjs --dts

[34mCLI[39m Building entry: src/index.ts
[34mCLI[39m Using tsconfig: tsconfig.json
[34mCLI[39m tsup v8.3.5
[34mCLI[39m Using tsup config: /Users/deeptanshusankhwar/Documents/templates/nethermind/eliza-chaoschain/packages/chaoschain-plugin/tsup.config.ts
[34mCLI[39m Target: esnext
[34mCLI[39m Cleaning output folder
[34mESM[39m Build start
[34mCJS[39m Build start
[32mCJS[39m [1mdist/index.cjs     [22m[32m290.59 KB[39m
[32mCJS[39m [1mdist/index.cjs.map [22m[32m521.21 KB[39m
[32mCJS[39m ⚡️ Build success in 327ms
[32mESM[39m [1mdist/index.js     [22m[32m289.89 KB[39m
[32mESM[39m [1mdist/index.js.map [22m[32m519.75 KB[39m
[32mESM[39m ⚡️ Build success in 328ms
DTS Build start
DTS ⚡️ Build success in 18610ms
DTS dist/index.d.ts  140.00 B
DTS dist/index.d.cts 140.00 B
